warm-started from c_lora_sim/models/bc_init.pt (source=bc_load_adaptive)
ep=   1 rho=0.75 burst=0 mean_jct=52159 loss=0.000 ent=0.000 eval=
ep=  10 rho=1.50 burst=1 mean_jct=36772 loss=6.371 ent=0.006 eval=
ep=  20 rho=1.50 burst=0 mean_jct=43402 loss=7.472 ent=0.012 eval=
ep=  30 rho=0.90 burst=1 mean_jct=42234 loss=5.747 ent=0.008 eval=
ep=  40 rho=0.90 burst=0 mean_jct=43200 loss=4.913 ent=0.004 eval=
ep=  50 rho=0.75 burst=1 mean_jct=38699 loss=4.427 ent=0.004 eval=48643.800894402004
ep=  60 rho=1.50 burst=1 mean_jct=52344 loss=6.660 ent=0.012 eval=
ep=  70 rho=1.10 burst=0 mean_jct=58008 loss=2.529 ent=0.022 eval=
ep=  80 rho=1.10 burst=1 mean_jct=47874 loss=3.393 ent=0.038 eval=
ep=  90 rho=0.75 burst=1 mean_jct=46533 loss=2.839 ent=0.041 eval=
ep= 100 rho=0.75 burst=1 mean_jct=48114 loss=2.186 ent=0.048 eval=48373.29671352473
ep= 110 rho=1.50 burst=0 mean_jct=51928 loss=2.692 ent=0.048 eval=
ep= 120 rho=1.10 burst=0 mean_jct=64054 loss=2.706 ent=0.045 eval=
ep= 130 rho=1.10 burst=0 mean_jct=38112 loss=3.395 ent=0.043 eval=
ep= 140 rho=1.10 burst=0 mean_jct=47729 loss=3.601 ent=0.030 eval=
ep= 150 rho=0.50 burst=0 mean_jct=36904 loss=2.678 ent=0.024 eval=49006.20672625714
ep= 160 rho=0.90 burst=1 mean_jct=41807 loss=3.682 ent=0.017 eval=
ep= 170 rho=1.10 burst=0 mean_jct=53897 loss=3.708 ent=0.030 eval=
ep= 180 rho=0.75 burst=0 mean_jct=42039 loss=3.404 ent=0.049 eval=
ep= 190 rho=0.50 burst=0 mean_jct=45341 loss=3.819 ent=0.047 eval=
ep= 200 rho=0.75 burst=0 mean_jct=54534 loss=3.699 ent=0.060 eval=48667.74936612552
ep= 210 rho=1.10 burst=0 mean_jct=44168 loss=3.679 ent=0.036 eval=
ep= 220 rho=1.50 burst=1 mean_jct=53113 loss=3.779 ent=0.033 eval=
ep= 230 rho=0.50 burst=0 mean_jct=32935 loss=3.892 ent=0.045 eval=
ep= 240 rho=1.50 burst=0 mean_jct=49688 loss=3.771 ent=0.048 eval=
ep= 250 rho=0.50 burst=0 mean_jct=39060 loss=3.810 ent=0.054 eval=48571.56350855737
ep= 260 rho=0.75 burst=0 mean_jct=36727 loss=3.998 ent=0.073 eval=
ep= 270 rho=0.75 burst=1 mean_jct=46709 loss=4.381 ent=0.077 eval=
ep= 280 rho=1.10 burst=1 mean_jct=45236 loss=3.745 ent=0.081 eval=
ep= 290 rho=1.10 burst=1 mean_jct=41232 loss=4.375 ent=0.112 eval=
ep= 300 rho=0.50 burst=1 mean_jct=38176 loss=3.705 ent=0.075 eval=47720.93414887181
ep= 310 rho=1.50 burst=1 mean_jct=40232 loss=3.403 ent=0.120 eval=
ep= 320 rho=1.50 burst=0 mean_jct=49016 loss=5.587 ent=0.082 eval=
ep= 330 rho=0.50 burst=1 mean_jct=50509 loss=5.233 ent=0.092 eval=
ep= 340 rho=0.75 burst=0 mean_jct=37643 loss=4.581 ent=0.108 eval=
ep= 350 rho=1.50 burst=0 mean_jct=47215 loss=3.832 ent=0.067 eval=48964.95637474652
ep= 360 rho=0.75 burst=1 mean_jct=40378 loss=3.935 ent=0.071 eval=
ep= 370 rho=0.75 burst=1 mean_jct=41471 loss=4.756 ent=0.077 eval=
ep= 380 rho=0.75 burst=0 mean_jct=45784 loss=4.783 ent=0.099 eval=
ep= 390 rho=0.75 burst=1 mean_jct=48234 loss=4.475 ent=0.087 eval=
ep= 400 rho=1.10 burst=0 mean_jct=43178 loss=3.806 ent=0.098 eval=48533.27938306777
ep= 410 rho=1.10 burst=0 mean_jct=50290 loss=4.939 ent=0.102 eval=
ep= 420 rho=0.75 burst=0 mean_jct=41814 loss=4.049 ent=0.128 eval=
ep= 430 rho=1.50 burst=1 mean_jct=41799 loss=3.968 ent=0.147 eval=
ep= 440 rho=1.50 burst=0 mean_jct=65910 loss=3.583 ent=0.143 eval=
ep= 450 rho=0.50 burst=0 mean_jct=42788 loss=3.828 ent=0.153 eval=48692.10392360179
ep= 460 rho=1.50 burst=1 mean_jct=42524 loss=3.873 ent=0.182 eval=
ep= 470 rho=0.75 burst=0 mean_jct=44774 loss=3.419 ent=0.167 eval=
ep= 480 rho=0.75 burst=0 mean_jct=36643 loss=3.912 ent=0.222 eval=
ep= 490 rho=0.75 burst=0 mean_jct=41556 loss=3.613 ent=0.235 eval=
ep= 500 rho=0.90 burst=0 mean_jct=43106 loss=3.381 ent=0.207 eval=48558.75086272247
ep= 510 rho=0.75 burst=0 mean_jct=39252 loss=3.404 ent=0.246 eval=
ep= 520 rho=0.50 burst=1 mean_jct=39860 loss=4.146 ent=0.193 eval=
ep= 530 rho=1.10 burst=0 mean_jct=44259 loss=4.190 ent=0.182 eval=
ep= 540 rho=0.50 burst=0 mean_jct=47821 loss=3.969 ent=0.214 eval=
ep= 550 rho=0.90 burst=0 mean_jct=51138 loss=3.722 ent=0.194 eval=48972.89445460355
ep= 560 rho=0.50 burst=0 mean_jct=43729 loss=4.317 ent=0.235 eval=
ep= 570 rho=0.50 burst=1 mean_jct=39843 loss=4.021 ent=0.207 eval=
ep= 580 rho=0.90 burst=1 mean_jct=43417 loss=3.769 ent=0.216 eval=
ep= 590 rho=0.75 burst=1 mean_jct=47353 loss=4.460 ent=0.156 eval=
ep= 600 rho=0.90 burst=1 mean_jct=38923 loss=4.199 ent=0.176 eval=48639.60278817167

Best eval mean_jct: 47720.9
