warm-started from c_lora_sim/models/bc_init.pt (source=bc_load_adaptive)
ep=   1 rho=0.50 burst=1 mean_jct=49614 loss=0.000 ent=0.000 eval=
ep=  10 rho=1.50 burst=0 mean_jct=43872 loss=8.916 ent=0.021 eval=
ep=  20 rho=0.90 burst=0 mean_jct=47097 loss=7.058 ent=0.016 eval=
ep=  30 rho=1.50 burst=0 mean_jct=52457 loss=6.951 ent=0.015 eval=
ep=  40 rho=1.50 burst=0 mean_jct=47796 loss=5.526 ent=0.003 eval=
ep=  50 rho=1.10 burst=1 mean_jct=43456 loss=3.384 ent=0.005 eval=48691.6036966473
ep=  60 rho=0.75 burst=0 mean_jct=44224 loss=3.315 ent=0.018 eval=
ep=  70 rho=1.10 burst=0 mean_jct=57113 loss=3.336 ent=0.025 eval=
ep=  80 rho=1.10 burst=0 mean_jct=58506 loss=3.485 ent=0.039 eval=
ep=  90 rho=1.50 burst=0 mean_jct=35412 loss=2.942 ent=0.057 eval=
ep= 100 rho=0.75 burst=0 mean_jct=43646 loss=2.447 ent=0.056 eval=48074.60414842406
ep= 110 rho=1.50 burst=1 mean_jct=45238 loss=2.024 ent=0.046 eval=
ep= 120 rho=1.10 burst=0 mean_jct=51326 loss=2.312 ent=0.041 eval=
ep= 130 rho=0.75 burst=0 mean_jct=49061 loss=3.268 ent=0.047 eval=
ep= 140 rho=1.10 burst=1 mean_jct=44734 loss=3.297 ent=0.040 eval=
ep= 150 rho=1.50 burst=0 mean_jct=35753 loss=3.310 ent=0.021 eval=48269.369972632965
ep= 160 rho=0.90 burst=1 mean_jct=35529 loss=3.881 ent=0.016 eval=
ep= 170 rho=0.90 burst=0 mean_jct=40641 loss=3.850 ent=0.014 eval=
ep= 180 rho=0.50 burst=1 mean_jct=40568 loss=3.566 ent=0.009 eval=
ep= 190 rho=1.50 burst=0 mean_jct=42596 loss=4.352 ent=0.011 eval=
ep= 200 rho=0.50 burst=1 mean_jct=46316 loss=3.688 ent=0.008 eval=48760.8877473537
ep= 210 rho=0.90 burst=0 mean_jct=44956 loss=3.392 ent=0.006 eval=
ep= 220 rho=1.10 burst=0 mean_jct=44104 loss=4.183 ent=0.021 eval=
ep= 230 rho=0.90 burst=0 mean_jct=39922 loss=3.565 ent=0.023 eval=
ep= 240 rho=1.10 burst=0 mean_jct=42946 loss=3.607 ent=0.028 eval=
ep= 250 rho=0.90 burst=0 mean_jct=42537 loss=3.469 ent=0.025 eval=48253.54646415625
ep= 260 rho=0.75 burst=0 mean_jct=43199 loss=3.617 ent=0.034 eval=
ep= 270 rho=0.50 burst=0 mean_jct=48782 loss=3.825 ent=0.025 eval=
ep= 280 rho=0.90 burst=0 mean_jct=49964 loss=3.976 ent=0.023 eval=
ep= 290 rho=0.75 burst=0 mean_jct=40713 loss=3.502 ent=0.034 eval=
ep= 300 rho=0.90 burst=1 mean_jct=46424 loss=3.881 ent=0.034 eval=48551.644976450014
ep= 310 rho=1.10 burst=0 mean_jct=44376 loss=3.669 ent=0.037 eval=
ep= 320 rho=0.90 burst=0 mean_jct=43445 loss=4.020 ent=0.035 eval=
ep= 330 rho=1.50 burst=0 mean_jct=42251 loss=3.957 ent=0.044 eval=
ep= 340 rho=0.75 burst=1 mean_jct=38905 loss=3.740 ent=0.038 eval=
ep= 350 rho=1.50 burst=0 mean_jct=46146 loss=5.062 ent=0.039 eval=48258.68681787878
ep= 360 rho=1.10 burst=1 mean_jct=48084 loss=4.972 ent=0.035 eval=
ep= 370 rho=0.50 burst=0 mean_jct=41405 loss=4.524 ent=0.038 eval=
ep= 380 rho=1.50 burst=0 mean_jct=62132 loss=4.280 ent=0.052 eval=
ep= 390 rho=0.75 burst=0 mean_jct=46004 loss=4.683 ent=0.033 eval=
ep= 400 rho=1.50 burst=1 mean_jct=41055 loss=4.021 ent=0.043 eval=48545.2866099992
ep= 410 rho=1.10 burst=0 mean_jct=39877 loss=4.046 ent=0.031 eval=
ep= 420 rho=0.90 burst=0 mean_jct=44289 loss=4.150 ent=0.044 eval=
ep= 430 rho=1.50 burst=1 mean_jct=45124 loss=4.086 ent=0.038 eval=
ep= 440 rho=1.10 burst=0 mean_jct=45969 loss=4.437 ent=0.041 eval=
ep= 450 rho=0.50 burst=1 mean_jct=43115 loss=4.028 ent=0.039 eval=48082.17349997218
ep= 460 rho=1.50 burst=1 mean_jct=39314 loss=3.684 ent=0.045 eval=
ep= 470 rho=0.75 burst=0 mean_jct=54236 loss=3.931 ent=0.044 eval=
ep= 480 rho=1.10 burst=0 mean_jct=43682 loss=3.829 ent=0.048 eval=
ep= 490 rho=0.75 burst=1 mean_jct=38931 loss=4.123 ent=0.041 eval=
ep= 500 rho=1.10 burst=1 mean_jct=42682 loss=4.207 ent=0.041 eval=48211.49243025964
ep= 510 rho=0.90 burst=0 mean_jct=46228 loss=3.781 ent=0.054 eval=
ep= 520 rho=0.75 burst=0 mean_jct=45515 loss=3.915 ent=0.050 eval=
ep= 530 rho=1.10 burst=1 mean_jct=42077 loss=3.879 ent=0.041 eval=
ep= 540 rho=0.90 burst=0 mean_jct=44848 loss=3.877 ent=0.051 eval=
ep= 550 rho=1.50 burst=1 mean_jct=77427 loss=3.767 ent=0.064 eval=47751.453679121565
ep= 560 rho=1.10 burst=1 mean_jct=43208 loss=3.601 ent=0.053 eval=
ep= 570 rho=0.90 burst=0 mean_jct=46362 loss=3.640 ent=0.068 eval=
ep= 580 rho=0.90 burst=1 mean_jct=38473 loss=3.644 ent=0.044 eval=
ep= 590 rho=0.90 burst=0 mean_jct=51365 loss=4.280 ent=0.067 eval=
ep= 600 rho=0.50 burst=1 mean_jct=41271 loss=4.112 ent=0.057 eval=48026.01075646593

Best eval mean_jct: 47751.5
