warm-started from c_lora_sim/models/bc_init.pt (source=bc_load_adaptive)
ep=   1 rho=0.50 burst=1 mean_jct=39283 loss=0.000 ent=0.000 eval=
ep=  10 rho=1.50 burst=1 mean_jct=40208 loss=5.891 ent=0.006 eval=
ep=  20 rho=0.50 burst=0 mean_jct=40088 loss=6.263 ent=0.005 eval=
ep=  30 rho=1.50 burst=0 mean_jct=46755 loss=5.450 ent=0.011 eval=
ep=  40 rho=0.90 burst=0 mean_jct=42750 loss=4.047 ent=0.004 eval=
ep=  50 rho=0.50 burst=1 mean_jct=37967 loss=4.103 ent=0.008 eval=48995.19841992325
ep=  60 rho=0.90 burst=0 mean_jct=41830 loss=4.262 ent=0.055 eval=
ep=  70 rho=0.90 burst=1 mean_jct=51074 loss=3.319 ent=0.171 eval=
ep=  80 rho=0.90 burst=1 mean_jct=42177 loss=2.770 ent=0.195 eval=
ep=  90 rho=0.90 burst=0 mean_jct=45247 loss=2.389 ent=0.216 eval=
ep= 100 rho=1.50 burst=0 mean_jct=63267 loss=2.787 ent=0.204 eval=48659.44286209135
ep= 110 rho=0.90 burst=1 mean_jct=43032 loss=2.906 ent=0.273 eval=
ep= 120 rho=0.50 burst=0 mean_jct=50107 loss=2.485 ent=0.238 eval=
ep= 130 rho=1.50 burst=0 mean_jct=46439 loss=3.342 ent=0.285 eval=
ep= 140 rho=1.10 burst=1 mean_jct=51759 loss=3.144 ent=0.220 eval=
ep= 150 rho=0.75 burst=1 mean_jct=42647 loss=3.813 ent=0.176 eval=48980.759950058506
ep= 160 rho=1.10 burst=1 mean_jct=43715 loss=3.234 ent=0.116 eval=
ep= 170 rho=0.90 burst=0 mean_jct=41251 loss=3.968 ent=0.103 eval=
ep= 180 rho=1.10 burst=1 mean_jct=43245 loss=4.184 ent=0.099 eval=
ep= 190 rho=0.90 burst=1 mean_jct=38011 loss=3.743 ent=0.065 eval=
ep= 200 rho=1.50 burst=0 mean_jct=56538 loss=3.963 ent=0.076 eval=48043.99961459115
ep= 210 rho=1.50 burst=1 mean_jct=46732 loss=4.281 ent=0.112 eval=
ep= 220 rho=0.50 burst=1 mean_jct=37812 loss=4.329 ent=0.179 eval=
ep= 230 rho=1.10 burst=1 mean_jct=45844 loss=3.925 ent=0.166 eval=
ep= 240 rho=0.90 burst=0 mean_jct=35935 loss=4.426 ent=0.160 eval=
ep= 250 rho=1.50 burst=1 mean_jct=45311 loss=3.905 ent=0.095 eval=48116.51042730694
ep= 260 rho=0.90 burst=0 mean_jct=45798 loss=4.096 ent=0.087 eval=
ep= 270 rho=0.50 burst=1 mean_jct=42669 loss=3.800 ent=0.129 eval=
ep= 280 rho=1.50 burst=1 mean_jct=48402 loss=3.553 ent=0.114 eval=
ep= 290 rho=1.50 burst=1 mean_jct=40708 loss=4.042 ent=0.156 eval=
ep= 300 rho=0.50 burst=1 mean_jct=40058 loss=3.808 ent=0.111 eval=47662.10508415965
ep= 310 rho=1.10 burst=0 mean_jct=52706 loss=4.015 ent=0.138 eval=
ep= 320 rho=1.50 burst=0 mean_jct=52102 loss=4.440 ent=0.110 eval=
ep= 330 rho=0.50 burst=0 mean_jct=40957 loss=4.321 ent=0.104 eval=
ep= 340 rho=0.75 burst=1 mean_jct=44928 loss=4.442 ent=0.110 eval=
ep= 350 rho=1.50 burst=1 mean_jct=54346 loss=4.362 ent=0.116 eval=47460.103968209034
ep= 360 rho=1.50 burst=0 mean_jct=58828 loss=3.959 ent=0.083 eval=
ep= 370 rho=0.50 burst=0 mean_jct=41671 loss=3.440 ent=0.089 eval=
ep= 380 rho=0.50 burst=0 mean_jct=35174 loss=3.707 ent=0.096 eval=
ep= 390 rho=0.50 burst=1 mean_jct=36289 loss=3.699 ent=0.080 eval=
ep= 400 rho=0.75 burst=0 mean_jct=33291 loss=4.695 ent=0.121 eval=48476.126176922604
ep= 410 rho=0.90 burst=1 mean_jct=43571 loss=4.111 ent=0.103 eval=
ep= 420 rho=0.50 burst=0 mean_jct=39803 loss=3.758 ent=0.115 eval=
ep= 430 rho=1.50 burst=1 mean_jct=37377 loss=3.791 ent=0.107 eval=
ep= 440 rho=0.90 burst=0 mean_jct=40182 loss=3.926 ent=0.125 eval=
ep= 450 rho=0.90 burst=0 mean_jct=39160 loss=3.627 ent=0.113 eval=48272.52108546437
ep= 460 rho=1.10 burst=0 mean_jct=44843 loss=4.014 ent=0.111 eval=
ep= 470 rho=1.50 burst=0 mean_jct=64913 loss=4.243 ent=0.124 eval=
ep= 480 rho=0.90 burst=0 mean_jct=48725 loss=4.307 ent=0.116 eval=
ep= 490 rho=1.50 burst=1 mean_jct=40878 loss=4.317 ent=0.109 eval=
ep= 500 rho=0.75 burst=1 mean_jct=39677 loss=3.660 ent=0.087 eval=47991.40264776743
ep= 510 rho=0.50 burst=1 mean_jct=40389 loss=4.352 ent=0.093 eval=
ep= 520 rho=1.10 burst=0 mean_jct=48969 loss=3.449 ent=0.141 eval=
ep= 530 rho=1.50 burst=1 mean_jct=47142 loss=3.872 ent=0.133 eval=
ep= 540 rho=0.75 burst=0 mean_jct=31857 loss=3.925 ent=0.090 eval=
ep= 550 rho=1.10 burst=0 mean_jct=46112 loss=4.166 ent=0.098 eval=48396.83646056118
ep= 560 rho=0.75 burst=0 mean_jct=29753 loss=3.805 ent=0.083 eval=
ep= 570 rho=0.90 burst=1 mean_jct=45968 loss=3.457 ent=0.083 eval=
ep= 580 rho=0.75 burst=0 mean_jct=43711 loss=3.695 ent=0.107 eval=
ep= 590 rho=0.50 burst=0 mean_jct=37171 loss=3.535 ent=0.068 eval=
ep= 600 rho=0.90 burst=0 mean_jct=41793 loss=4.100 ent=0.085 eval=48234.38066041185

Best eval mean_jct: 47460.1
