warm-started from c_lora_sim/models/bc_init.pt (source=bc_load_adaptive)
ep=   1 rho=0.75 burst=0 mean_jct=45199 loss=0.000 ent=0.000 eval=
ep=  10 rho=1.10 burst=0 mean_jct=54744 loss=6.269 ent=0.010 eval=
ep=  20 rho=0.50 burst=1 mean_jct=48065 loss=6.930 ent=0.021 eval=
ep=  30 rho=1.50 burst=0 mean_jct=56672 loss=6.594 ent=0.010 eval=
ep=  40 rho=0.75 burst=1 mean_jct=31655 loss=5.386 ent=0.008 eval=
ep=  50 rho=0.90 burst=1 mean_jct=41264 loss=4.244 ent=0.005 eval=48541.24731509385
ep=  60 rho=1.10 burst=0 mean_jct=41391 loss=5.737 ent=0.015 eval=
ep=  70 rho=1.10 burst=1 mean_jct=41975 loss=3.697 ent=0.020 eval=
ep=  80 rho=0.90 burst=0 mean_jct=39921 loss=3.526 ent=0.035 eval=
ep=  90 rho=0.50 burst=1 mean_jct=46633 loss=2.831 ent=0.044 eval=
ep= 100 rho=0.75 burst=0 mean_jct=51873 loss=1.944 ent=0.043 eval=49228.952161378074
ep= 110 rho=1.50 burst=0 mean_jct=53170 loss=2.473 ent=0.048 eval=
ep= 120 rho=0.50 burst=1 mean_jct=49362 loss=2.788 ent=0.054 eval=
ep= 130 rho=0.90 burst=0 mean_jct=50938 loss=3.019 ent=0.046 eval=
ep= 140 rho=0.90 burst=0 mean_jct=41335 loss=3.413 ent=0.038 eval=
ep= 150 rho=0.75 burst=1 mean_jct=43444 loss=3.230 ent=0.023 eval=49659.826941946674
ep= 160 rho=0.90 burst=1 mean_jct=49141 loss=4.017 ent=0.044 eval=
ep= 170 rho=0.75 burst=0 mean_jct=49906 loss=3.995 ent=0.031 eval=
ep= 180 rho=0.75 burst=0 mean_jct=45464 loss=4.052 ent=0.031 eval=
ep= 190 rho=1.50 burst=0 mean_jct=53804 loss=3.989 ent=0.046 eval=
ep= 200 rho=0.90 burst=0 mean_jct=48859 loss=3.558 ent=0.091 eval=49131.91272570441
ep= 210 rho=1.50 burst=0 mean_jct=47496 loss=5.032 ent=0.066 eval=
ep= 220 rho=0.90 burst=0 mean_jct=51131 loss=4.066 ent=0.079 eval=
ep= 230 rho=1.10 burst=0 mean_jct=49589 loss=4.260 ent=0.116 eval=
ep= 240 rho=0.90 burst=0 mean_jct=43734 loss=3.923 ent=0.123 eval=
ep= 250 rho=1.10 burst=0 mean_jct=48843 loss=4.322 ent=0.082 eval=48440.29333312277
ep= 260 rho=1.10 burst=1 mean_jct=36464 loss=4.966 ent=0.103 eval=
ep= 270 rho=1.10 burst=0 mean_jct=46893 loss=4.456 ent=0.127 eval=
ep= 280 rho=0.50 burst=0 mean_jct=47723 loss=4.155 ent=0.103 eval=
ep= 290 rho=0.50 burst=0 mean_jct=35931 loss=3.771 ent=0.129 eval=
ep= 300 rho=1.50 burst=0 mean_jct=34535 loss=3.858 ent=0.103 eval=48183.482300495525
ep= 310 rho=0.50 burst=1 mean_jct=39772 loss=4.034 ent=0.087 eval=
ep= 320 rho=1.10 burst=0 mean_jct=53237 loss=4.224 ent=0.101 eval=
ep= 330 rho=0.90 burst=0 mean_jct=62544 loss=3.677 ent=0.102 eval=
ep= 340 rho=0.75 burst=0 mean_jct=53457 loss=4.763 ent=0.100 eval=
ep= 350 rho=1.50 burst=1 mean_jct=45468 loss=3.708 ent=0.140 eval=48528.9620305016
ep= 360 rho=1.10 burst=1 mean_jct=41174 loss=3.554 ent=0.132 eval=
ep= 370 rho=0.75 burst=1 mean_jct=48910 loss=3.438 ent=0.175 eval=
ep= 380 rho=0.75 burst=0 mean_jct=50037 loss=3.368 ent=0.173 eval=
ep= 390 rho=0.50 burst=1 mean_jct=40448 loss=3.527 ent=0.225 eval=
ep= 400 rho=0.90 burst=0 mean_jct=38284 loss=4.235 ent=0.247 eval=48597.86003117025
ep= 410 rho=0.50 burst=1 mean_jct=39556 loss=3.746 ent=0.262 eval=
ep= 420 rho=1.50 burst=0 mean_jct=43077 loss=3.852 ent=0.260 eval=
ep= 430 rho=1.50 burst=0 mean_jct=43138 loss=3.803 ent=0.250 eval=
ep= 440 rho=0.75 burst=0 mean_jct=41133 loss=3.765 ent=0.279 eval=
ep= 450 rho=0.50 burst=1 mean_jct=38393 loss=3.858 ent=0.256 eval=48793.48014084736
ep= 460 rho=0.50 burst=0 mean_jct=41825 loss=3.352 ent=0.267 eval=
ep= 470 rho=0.50 burst=0 mean_jct=39828 loss=3.130 ent=0.314 eval=
ep= 480 rho=0.50 burst=1 mean_jct=38599 loss=3.563 ent=0.275 eval=
ep= 490 rho=0.50 burst=0 mean_jct=38413 loss=3.555 ent=0.276 eval=
ep= 500 rho=0.90 burst=0 mean_jct=46429 loss=4.127 ent=0.266 eval=48050.580764824386
ep= 510 rho=0.50 burst=1 mean_jct=48342 loss=3.655 ent=0.260 eval=
ep= 520 rho=0.75 burst=0 mean_jct=45268 loss=3.786 ent=0.276 eval=
ep= 530 rho=1.50 burst=0 mean_jct=49812 loss=3.451 ent=0.285 eval=
ep= 540 rho=0.50 burst=0 mean_jct=54780 loss=3.258 ent=0.278 eval=
ep= 550 rho=0.50 burst=1 mean_jct=50273 loss=3.461 ent=0.272 eval=48279.0412222322
ep= 560 rho=0.90 burst=1 mean_jct=40617 loss=2.916 ent=0.281 eval=
ep= 570 rho=0.90 burst=1 mean_jct=46430 loss=3.649 ent=0.233 eval=
ep= 580 rho=1.10 burst=0 mean_jct=38077 loss=3.407 ent=0.300 eval=
ep= 590 rho=1.10 burst=1 mean_jct=38104 loss=2.893 ent=0.305 eval=
ep= 600 rho=1.10 burst=1 mean_jct=44838 loss=3.621 ent=0.256 eval=48135.86523697347

Best eval mean_jct: 48050.6
