warm-started from c_lora_sim/models/bc_init.pt (source=bc_load_adaptive)
ep=   1 rho=0.75 burst=1 mean_jct=48322 loss=0.000 ent=0.000 eval=
ep=  10 rho=0.50 burst=0 mean_jct=46489 loss=6.425 ent=0.004 eval=
ep=  20 rho=0.50 burst=1 mean_jct=39693 loss=6.022 ent=0.006 eval=
ep=  30 rho=0.75 burst=1 mean_jct=42939 loss=5.083 ent=0.006 eval=
ep=  40 rho=0.90 burst=1 mean_jct=53444 loss=4.539 ent=0.004 eval=
ep=  50 rho=0.75 burst=0 mean_jct=40470 loss=3.434 ent=0.010 eval=48305.196581608594
ep=  60 rho=1.50 burst=0 mean_jct=54161 loss=3.531 ent=0.029 eval=
ep=  70 rho=1.10 burst=0 mean_jct=49260 loss=3.254 ent=0.079 eval=
ep=  80 rho=0.50 burst=0 mean_jct=45856 loss=3.843 ent=0.132 eval=
ep=  90 rho=1.10 burst=0 mean_jct=44243 loss=3.195 ent=0.173 eval=
ep= 100 rho=0.75 burst=1 mean_jct=43472 loss=2.080 ent=0.238 eval=48433.674403121775
ep= 110 rho=0.75 burst=1 mean_jct=47015 loss=2.530 ent=0.269 eval=
ep= 120 rho=0.50 burst=1 mean_jct=40748 loss=2.118 ent=0.263 eval=
ep= 130 rho=0.75 burst=0 mean_jct=43336 loss=3.335 ent=0.285 eval=
ep= 140 rho=0.90 burst=1 mean_jct=44340 loss=3.090 ent=0.323 eval=
ep= 150 rho=1.10 burst=0 mean_jct=58216 loss=3.814 ent=0.283 eval=48881.138312075775
ep= 160 rho=0.75 burst=0 mean_jct=40221 loss=3.589 ent=0.249 eval=
ep= 170 rho=0.75 burst=0 mean_jct=39912 loss=3.245 ent=0.187 eval=
ep= 180 rho=0.75 burst=1 mean_jct=39912 loss=3.553 ent=0.210 eval=
ep= 190 rho=1.50 burst=1 mean_jct=44181 loss=2.866 ent=0.155 eval=
ep= 200 rho=0.90 burst=0 mean_jct=52970 loss=3.540 ent=0.111 eval=48420.87326536088
ep= 210 rho=1.50 burst=1 mean_jct=49881 loss=3.769 ent=0.126 eval=
ep= 220 rho=1.50 burst=0 mean_jct=43874 loss=3.703 ent=0.225 eval=
ep= 230 rho=1.50 burst=0 mean_jct=58940 loss=4.071 ent=0.141 eval=
ep= 240 rho=0.75 burst=1 mean_jct=39974 loss=4.416 ent=0.154 eval=
ep= 250 rho=0.75 burst=1 mean_jct=54409 loss=4.229 ent=0.252 eval=48674.54449691443
ep= 260 rho=0.90 burst=0 mean_jct=33302 loss=3.958 ent=0.202 eval=
ep= 270 rho=0.90 burst=0 mean_jct=46606 loss=3.678 ent=0.220 eval=
ep= 280 rho=0.90 burst=1 mean_jct=45723 loss=3.939 ent=0.206 eval=
ep= 290 rho=0.50 burst=1 mean_jct=49160 loss=3.850 ent=0.205 eval=
ep= 300 rho=1.50 burst=1 mean_jct=39043 loss=3.928 ent=0.197 eval=48807.5800340566
ep= 310 rho=0.90 burst=0 mean_jct=37963 loss=3.036 ent=0.238 eval=
ep= 320 rho=0.75 burst=0 mean_jct=60188 loss=3.551 ent=0.152 eval=
ep= 330 rho=0.75 burst=0 mean_jct=37826 loss=4.289 ent=0.235 eval=
ep= 340 rho=1.10 burst=0 mean_jct=44400 loss=3.353 ent=0.236 eval=
ep= 350 rho=1.10 burst=1 mean_jct=44963 loss=3.305 ent=0.230 eval=48552.22671769562
ep= 360 rho=1.10 burst=0 mean_jct=50126 loss=3.130 ent=0.236 eval=
ep= 370 rho=0.50 burst=1 mean_jct=40717 loss=3.642 ent=0.230 eval=
ep= 380 rho=0.75 burst=1 mean_jct=48867 loss=3.785 ent=0.177 eval=
ep= 390 rho=1.10 burst=0 mean_jct=40911 loss=3.447 ent=0.205 eval=
ep= 400 rho=0.50 burst=0 mean_jct=43605 loss=3.637 ent=0.239 eval=48315.3766512379
ep= 410 rho=1.10 burst=0 mean_jct=39253 loss=4.383 ent=0.224 eval=
ep= 420 rho=0.90 burst=1 mean_jct=45124 loss=4.312 ent=0.257 eval=
ep= 430 rho=0.90 burst=1 mean_jct=38380 loss=3.885 ent=0.221 eval=
ep= 440 rho=1.10 burst=1 mean_jct=35853 loss=3.390 ent=0.227 eval=
ep= 450 rho=1.50 burst=0 mean_jct=49552 loss=3.546 ent=0.239 eval=49258.16195835921
ep= 460 rho=1.50 burst=1 mean_jct=42091 loss=3.160 ent=0.309 eval=
ep= 470 rho=1.50 burst=0 mean_jct=70837 loss=3.294 ent=0.257 eval=
ep= 480 rho=0.90 burst=1 mean_jct=35123 loss=3.861 ent=0.237 eval=
ep= 490 rho=0.90 burst=1 mean_jct=46586 loss=3.153 ent=0.264 eval=
ep= 500 rho=0.50 burst=0 mean_jct=38317 loss=3.061 ent=0.248 eval=49007.65732958511
ep= 510 rho=1.50 burst=1 mean_jct=43279 loss=3.574 ent=0.298 eval=
ep= 520 rho=0.90 burst=1 mean_jct=46261 loss=3.424 ent=0.308 eval=
ep= 530 rho=0.50 burst=0 mean_jct=47740 loss=3.075 ent=0.319 eval=
ep= 540 rho=0.90 burst=0 mean_jct=47112 loss=3.690 ent=0.301 eval=
ep= 550 rho=0.50 burst=0 mean_jct=45168 loss=3.004 ent=0.270 eval=48741.67594392038
ep= 560 rho=1.50 burst=0 mean_jct=42366 loss=3.243 ent=0.265 eval=
ep= 570 rho=0.75 burst=0 mean_jct=41007 loss=3.599 ent=0.236 eval=
ep= 580 rho=0.75 burst=0 mean_jct=51636 loss=3.342 ent=0.266 eval=
ep= 590 rho=1.50 burst=0 mean_jct=47661 loss=3.911 ent=0.266 eval=
ep= 600 rho=0.50 burst=1 mean_jct=42683 loss=3.657 ent=0.326 eval=49551.4645102978

Best eval mean_jct: 48208.6
